<?xml version="1.0" encoding="UTF-8"?>
<!-- Generated by org.testng.reporters.JUnitXMLReporter -->
<testsuite ignored="0" hostname="DESKTOP-1SN7E1G" failures="0" tests="2" name="Error Validation Test" time="12.876" errors="0" timestamp="2024-08-23T11:23:59 IST">
  <testcase classname="rahulshettyacademy.test.ErrorValidations" name="loginErrorValidation" time="0.921"/>
  <testcase classname="rahulshettyacademy.test.ErrorValidations" name="productErrorValidation" time="3.411"/>
</testsuite> <!-- Error Validation Test -->
