<?xml version="1.0" encoding="UTF-8"?>
<!-- Generated by org.testng.reporters.JUnitXMLReporter -->
<testsuite ignored="0" hostname="DESKTOP-1SN7E1G" failures="1" tests="3" name="ErrorValidations" time="21.994" errors="0" timestamp="2024-09-01T14:39:19 IST">
  <testcase classname="rahulshettyacademy.test.ErrorValidations" name="loginErrorValidation" time="1.7">
    <skipped/>
  </testcase> <!-- loginErrorValidation -->
  <testcase classname="rahulshettyacademy.test.ErrorValidations" name="loginErrorValidation" time="0.987">
    <failure type="java.lang.AssertionError" message="expected [Incorrect email or password.] but found [Incorrect email password.]">
      <![CDATA[java.lang.AssertionError: expected [Incorrect email or password.] but found [Incorrect email password.]
at rahulshettyacademy.test.ErrorValidations.loginErrorValidation(ErrorValidations.java:20)
at java.base/java.util.ArrayList.forEach(ArrayList.java:1596)
at java.base/java.util.concurrent.FutureTask.run(FutureTask.java:317)
at java.base/java.util.concurrent.ThreadPoolExecutor.runWorker(ThreadPoolExecutor.java:1144)
at java.base/java.util.concurrent.ThreadPoolExecutor$Worker.run(ThreadPoolExecutor.java:642)
at java.base/java.lang.Thread.run(Thread.java:1583)
... Removed 22 stack frames]]>
    </failure>
  </testcase> <!-- loginErrorValidation -->
  <testcase classname="rahulshettyacademy.test.ErrorValidations" name="productErrorValidation" time="6.221"/>
</testsuite> <!-- ErrorValidations -->
