<?xml version="1.0" encoding="UTF-8"?>
<!-- Generated by org.testng.reporters.JUnitXMLReporter -->
<testsuite ignored="0" hostname="DESKTOP-1SN7E1G" failures="0" tests="2" name="Submit order Test" time="14.543" errors="0" timestamp="2024-08-23T11:24:01 IST">
  <testcase classname="rahulshettyacademy.test.SubmitOrderTest" name="submitOrder" time="5.132"/>
  <testcase classname="rahulshettyacademy.test.SubmitOrderTest" name="orderHistoryTest" time="0.984"/>
</testsuite> <!-- Submit order Test -->
