<?xml version="1.0" encoding="UTF-8"?>
<!-- Generated by org.testng.reporters.JUnitXMLReporter -->
<testsuite ignored="0" hostname="DESKTOP-1SN7E1G" failures="0" tests="3" name="SubmitOrderTest" time="27.464" errors="0" timestamp="2024-09-01T14:39:24 IST">
  <testcase classname="rahulshettyacademy.test.SubmitOrderTest" name="submitOrder" time="6.112"/>
  <testcase classname="rahulshettyacademy.test.SubmitOrderTest" name="submitOrder" time="5.836"/>
  <testcase classname="rahulshettyacademy.test.SubmitOrderTest" name="orderHistoryTest" time="1.391"/>
</testsuite> <!-- SubmitOrderTest -->
